  [1m[35m (448.0ms)[0m  [1m[35mCREATE DATABASE "devisejwt_development" ENCODING = 'unicode'[0m
  [1m[35m (104.4ms)[0m  [1m[35mCREATE DATABASE "devisejwt_test" ENCODING = 'unicode'[0m
  [1m[35m (23.0ms)[0m  [1m[35mCREATE TABLE "schema_migrations" ("version" character varying NOT NULL PRIMARY KEY)[0m
  [1m[35m (3.7ms)[0m  [1m[35mCREATE TABLE "ar_internal_metadata" ("key" character varying NOT NULL PRIMARY KEY, "value" character varying, "created_at" timestamp(6) NOT NULL, "updated_at" timestamp(6) NOT NULL)[0m
  [1m[35m (0.2ms)[0m  [1m[34mSELECT pg_try_advisory_lock(4955392216340063820)[0m
  [1m[36mActiveRecord::SchemaMigration Load (0.7ms)[0m  [1m[34mSELECT "schema_migrations"."version" FROM "schema_migrations" ORDER BY "schema_migrations"."version" ASC[0m
  [1m[36mActiveRecord::InternalMetadata Load (2.3ms)[0m  [1m[34mSELECT * FROM "ar_internal_metadata" WHERE "ar_internal_metadata"."key" = $1 ORDER BY "ar_internal_metadata"."key" ASC LIMIT 1[0m  [[nil, "environment"]]
  [1m[36mActiveRecord::InternalMetadata Create (1.0ms)[0m  [1m[32mINSERT INTO "ar_internal_metadata" ("key", "value", "created_at", "updated_at") VALUES ('environment', 'development', '2024-11-07 19:28:30.652256', '2024-11-07 19:28:30.652257') RETURNING "key"[0m
Migrating to DeviseCreateUsers (20241107192037)
  [1m[36mTRANSACTION (0.1ms)[0m  [1m[35mBEGIN[0m
  [1m[35m (9.4ms)[0m  [1m[35mCREATE TABLE "users" ("id" bigserial primary key, "email" character varying DEFAULT '' NOT NULL, "encrypted_password" character varying DEFAULT '' NOT NULL, "reset_password_token" character varying, "reset_password_sent_at" timestamp(6), "remember_created_at" timestamp(6), "created_at" timestamp(6) NOT NULL, "updated_at" timestamp(6) NOT NULL)[0m
  [1m[35m (0.8ms)[0m  [1m[35mCREATE UNIQUE INDEX "index_users_on_email" ON "users" ("email")[0m
  [1m[35m (1.7ms)[0m  [1m[35mCREATE UNIQUE INDEX "index_users_on_reset_password_token" ON "users" ("reset_password_token")[0m
  [1m[36mActiveRecord::SchemaMigration Create (0.6ms)[0m  [1m[32mINSERT INTO "schema_migrations" ("version") VALUES ('20241107192037') RETURNING "version"[0m
  [1m[36mTRANSACTION (0.6ms)[0m  [1m[35mCOMMIT[0m
Migrating to CreateJwtDenylists (20241107192719)
  [1m[36mTRANSACTION (0.4ms)[0m  [1m[35mBEGIN[0m
  [1m[35m (5.0ms)[0m  [1m[35mCREATE TABLE "jwt_denylists" ("id" bigserial primary key, "jti" character varying, "exp" timestamp(6), "created_at" timestamp(6) NOT NULL, "updated_at" timestamp(6) NOT NULL)[0m
  [1m[35m (1.6ms)[0m  [1m[35mCREATE INDEX "index_jwt_denylists_on_jti" ON "jwt_denylists" ("jti")[0m
  [1m[36mActiveRecord::SchemaMigration Create (0.4ms)[0m  [1m[32mINSERT INTO "schema_migrations" ("version") VALUES ('20241107192719') RETURNING "version"[0m
  [1m[36mTRANSACTION (0.4ms)[0m  [1m[35mCOMMIT[0m
  [1m[35m (0.6ms)[0m  [1m[34mSELECT pg_advisory_unlock(4955392216340063820)[0m
  [1m[36mActiveRecord::SchemaMigration Load (0.2ms)[0m  [1m[34mSELECT "schema_migrations"."version" FROM "schema_migrations" ORDER BY "schema_migrations"."version" ASC[0m
Started POST "/users/sign_up" for ::1 at 2024-11-08 01:31:54 +0600
  [1m[36mActiveRecord::SchemaMigration Load (0.8ms)[0m  [1m[34mSELECT "schema_migrations"."version" FROM "schema_migrations" ORDER BY "schema_migrations"."version" ASC[0m
  
ActionController::RoutingError (No route matches [POST] "/users/sign_up"):
  
Started POST "/users" for ::1 at 2024-11-08 01:32:06 +0600
  
ActionController::RoutingError (uninitialized constant Users):
  
Started POST "/users/sign_up" for ::1 at 2024-11-08 01:32:42 +0600
  [1m[36mActiveRecord::SchemaMigration Load (0.6ms)[0m  [1m[34mSELECT "schema_migrations"."version" FROM "schema_migrations" ORDER BY "schema_migrations"."version" ASC[0m
  
ActionController::RoutingError (No route matches [POST] "/users/sign_up"):
  
Started GET "/" for 127.0.0.1 at 2024-11-08 11:03:30 +0600
  [1m[36mActiveRecord::SchemaMigration Load (5.9ms)[0m  [1m[34mSELECT "schema_migrations"."version" FROM "schema_migrations" ORDER BY "schema_migrations"."version" ASC[0m
  
ActionController::RoutingError (uninitialized constant HomeController):
  
Started GET "/favicon.ico" for 127.0.0.1 at 2024-11-08 11:03:30 +0600
  
ActionController::RoutingError (No route matches [GET] "/favicon.ico"):
  
Started GET "/" for 127.0.0.1 at 2024-11-08 11:03:47 +0600
  [1m[36mActiveRecord::SchemaMigration Load (1.5ms)[0m  [1m[34mSELECT "schema_migrations"."version" FROM "schema_migrations" ORDER BY "schema_migrations"."version" ASC[0m
Processing by Rails::WelcomeController#index as HTML
  Rendering /Users/gazi/.rvm/gems/ruby-3.2.3/gems/railties-7.1.5/lib/rails/templates/rails/welcome/index.html.erb
  Rendered /Users/gazi/.rvm/gems/ruby-3.2.3/gems/railties-7.1.5/lib/rails/templates/rails/welcome/index.html.erb (Duration: 2.0ms | Allocations: 375)
Completed 200 OK in 24ms (Views: 6.4ms | ActiveRecord: 0.0ms | Allocations: 5119)


Started POST "/users/sign_up" for ::1 at 2024-11-08 11:04:08 +0600
  
ActionController::RoutingError (No route matches [POST] "/users/sign_up"):
  
Started POST "/users/sign_up" for ::1 at 2024-11-08 11:07:00 +0600
  [1m[36mActiveRecord::SchemaMigration Load (1.2ms)[0m  [1m[34mSELECT "schema_migrations"."version" FROM "schema_migrations" ORDER BY "schema_migrations"."version" ASC[0m
  
ActionController::RoutingError (No route matches [POST] "/users/sign_up"):
  
Started POST "/users" for ::1 at 2024-11-08 11:09:26 +0600
  [1m[36mActiveRecord::SchemaMigration Load (0.7ms)[0m  [1m[34mSELECT "schema_migrations"."version" FROM "schema_migrations" ORDER BY "schema_migrations"."version" ASC[0m
Processing by Devise::RegistrationsController#create as */*
  Parameters: {"user"=>{"email"=>"test@example.com", "password"=>"[FILTERED]", "password_confirmation"=>"[FILTERED]"}, "registration"=>{"user"=>{"email"=>"test@example.com", "password"=>"[FILTERED]", "password_confirmation"=>"[FILTERED]"}}}
  [1m[36mTRANSACTION (2.9ms)[0m  [1m[35mBEGIN[0m
  [1m[36mUser Exists? (5.8ms)[0m  [1m[34mSELECT 1 AS one FROM "users" WHERE "users"."email" = $1 LIMIT $2[0m  [["email", "test@example.com"], ["LIMIT", 1]]
  [1m[36mUser Create (5.4ms)[0m  [1m[32mINSERT INTO "users" ("email", "encrypted_password", "reset_password_token", "reset_password_sent_at", "remember_created_at", "created_at", "updated_at") VALUES ($1, $2, $3, $4, $5, $6, $7) RETURNING "id"[0m  [["email", "test@example.com"], ["encrypted_password", "[FILTERED]"], ["reset_password_token", "[FILTERED]"], ["reset_password_sent_at", "[FILTERED]"], ["remember_created_at", nil], ["created_at", "2024-11-08 05:09:28.014382"], ["updated_at", "2024-11-08 05:09:28.014382"]]
  [1m[36mTRANSACTION (1.7ms)[0m  [1m[35mCOMMIT[0m
Completed 500 Internal Server Error in 1388ms (ActiveRecord: 59.1ms | Allocations: 23385)


  
ActionDispatch::Request::Session::DisabledSessionError (Your application has sessions disabled. To write to the session you must first configure a session store):
  
actionpack (7.1.5) lib/action_dispatch/request/session.rb:260:in `load_for_write!'
actionpack (7.1.5) lib/action_dispatch/request/session.rb:153:in `[]='
warden (1.2.9) lib/warden/session_serializer.rb:27:in `store'
warden (1.2.9) lib/warden/proxy.rb:187:in `set_user'
devise (4.9.4) lib/devise/controllers/sign_in_out.rb:53:in `sign_in'
devise (4.9.4) app/controllers/devise/registrations_controller.rb:106:in `sign_up'
devise (4.9.4) app/controllers/devise/registrations_controller.rb:24:in `create'
actionpack (7.1.5) lib/action_controller/metal/basic_implicit_render.rb:6:in `send_action'
actionpack (7.1.5) lib/abstract_controller/base.rb:224:in `process_action'
actionpack (7.1.5) lib/action_controller/metal/rendering.rb:165:in `process_action'
actionpack (7.1.5) lib/abstract_controller/callbacks.rb:259:in `block in process_action'
activesupport (7.1.5) lib/active_support/callbacks.rb:110:in `run_callbacks'
actionpack (7.1.5) lib/abstract_controller/callbacks.rb:258:in `process_action'
actionpack (7.1.5) lib/action_controller/metal/rescue.rb:25:in `process_action'
actionpack (7.1.5) lib/action_controller/metal/instrumentation.rb:74:in `block in process_action'
activesupport (7.1.5) lib/active_support/notifications.rb:206:in `block in instrument'
activesupport (7.1.5) lib/active_support/notifications/instrumenter.rb:58:in `instrument'
activesupport (7.1.5) lib/active_support/notifications.rb:206:in `instrument'
actionpack (7.1.5) lib/action_controller/metal/instrumentation.rb:73:in `process_action'
actionpack (7.1.5) lib/action_controller/metal/params_wrapper.rb:261:in `process_action'
activerecord (7.1.5) lib/active_record/railties/controller_runtime.rb:32:in `process_action'
actionpack (7.1.5) lib/abstract_controller/base.rb:160:in `process'
actionpack (7.1.5) lib/action_controller/metal.rb:227:in `dispatch'
actionpack (7.1.5) lib/action_controller/metal.rb:309:in `dispatch'
actionpack (7.1.5) lib/action_dispatch/routing/route_set.rb:49:in `dispatch'
actionpack (7.1.5) lib/action_dispatch/routing/route_set.rb:32:in `serve'
actionpack (7.1.5) lib/action_dispatch/routing/mapper.rb:30:in `block in <class:Constraints>'
actionpack (7.1.5) lib/action_dispatch/routing/mapper.rb:60:in `serve'
actionpack (7.1.5) lib/action_dispatch/journey/router.rb:51:in `block in serve'
actionpack (7.1.5) lib/action_dispatch/journey/router.rb:131:in `block in find_routes'
actionpack (7.1.5) lib/action_dispatch/journey/router.rb:124:in `each'
actionpack (7.1.5) lib/action_dispatch/journey/router.rb:124:in `find_routes'
actionpack (7.1.5) lib/action_dispatch/journey/router.rb:32:in `serve'
actionpack (7.1.5) lib/action_dispatch/routing/route_set.rb:882:in `call'
warden-jwt_auth (0.10.0) lib/warden/jwt_auth/middleware/token_dispatcher.rb:20:in `call'
warden-jwt_auth (0.10.0) lib/warden/jwt_auth/middleware/revocation_manager.rb:21:in `call'
rack (3.1.8) lib/rack/builder.rb:277:in `call'
warden-jwt_auth (0.10.0) lib/warden/jwt_auth/middleware.rb:22:in `call'
warden (1.2.9) lib/warden/manager.rb:36:in `block in call'
warden (1.2.9) lib/warden/manager.rb:34:in `catch'
warden (1.2.9) lib/warden/manager.rb:34:in `call'
rack (3.1.8) lib/rack/etag.rb:29:in `call'
rack (3.1.8) lib/rack/conditional_get.rb:43:in `call'
rack (3.1.8) lib/rack/head.rb:15:in `call'
activerecord (7.1.5) lib/active_record/migration.rb:655:in `call'
actionpack (7.1.5) lib/action_dispatch/middleware/callbacks.rb:29:in `block in call'
activesupport (7.1.5) lib/active_support/callbacks.rb:101:in `run_callbacks'
actionpack (7.1.5) lib/action_dispatch/middleware/callbacks.rb:28:in `call'
actionpack (7.1.5) lib/action_dispatch/middleware/executor.rb:14:in `call'
actionpack (7.1.5) lib/action_dispatch/middleware/actionable_exceptions.rb:16:in `call'
actionpack (7.1.5) lib/action_dispatch/middleware/debug_exceptions.rb:29:in `call'
actionpack (7.1.5) lib/action_dispatch/middleware/show_exceptions.rb:31:in `call'
railties (7.1.5) lib/rails/rack/logger.rb:37:in `call_app'
railties (7.1.5) lib/rails/rack/logger.rb:24:in `block in call'
activesupport (7.1.5) lib/active_support/tagged_logging.rb:139:in `block in tagged'
activesupport (7.1.5) lib/active_support/tagged_logging.rb:39:in `tagged'
activesupport (7.1.5) lib/active_support/tagged_logging.rb:139:in `tagged'
activesupport (7.1.5) lib/active_support/broadcast_logger.rb:241:in `method_missing'
railties (7.1.5) lib/rails/rack/logger.rb:24:in `call'
actionpack (7.1.5) lib/action_dispatch/middleware/remote_ip.rb:92:in `call'
actionpack (7.1.5) lib/action_dispatch/middleware/request_id.rb:28:in `call'
rack (3.1.8) lib/rack/runtime.rb:24:in `call'
activesupport (7.1.5) lib/active_support/cache/strategy/local_cache_middleware.rb:29:in `call'
actionpack (7.1.5) lib/action_dispatch/middleware/server_timing.rb:59:in `block in call'
actionpack (7.1.5) lib/action_dispatch/middleware/server_timing.rb:24:in `collect_events'
actionpack (7.1.5) lib/action_dispatch/middleware/server_timing.rb:58:in `call'
actionpack (7.1.5) lib/action_dispatch/middleware/executor.rb:14:in `call'
actionpack (7.1.5) lib/action_dispatch/middleware/static.rb:25:in `call'
rack (3.1.8) lib/rack/sendfile.rb:114:in `call'
actionpack (7.1.5) lib/action_dispatch/middleware/host_authorization.rb:141:in `call'
railties (7.1.5) lib/rails/engine.rb:536:in `call'
puma (6.4.3) lib/puma/configuration.rb:272:in `call'
puma (6.4.3) lib/puma/request.rb:100:in `block in handle_request'
puma (6.4.3) lib/puma/thread_pool.rb:378:in `with_force_shutdown'
puma (6.4.3) lib/puma/request.rb:99:in `handle_request'
puma (6.4.3) lib/puma/server.rb:464:in `process_client'
puma (6.4.3) lib/puma/server.rb:245:in `block in run'
puma (6.4.3) lib/puma/thread_pool.rb:155:in `block in spawn_thread'
Started POST "/users" for ::1 at 2024-11-08 11:11:01 +0600
  [1m[36mActiveRecord::SchemaMigration Load (1.1ms)[0m  [1m[34mSELECT "schema_migrations"."version" FROM "schema_migrations" ORDER BY "schema_migrations"."version" ASC[0m
Processing by Devise::RegistrationsController#create as */*
  Parameters: {"user"=>{"email"=>"test@example.com", "password"=>"[FILTERED]", "password_confirmation"=>"[FILTERED]"}, "registration"=>{"user"=>{"email"=>"test@example.com", "password"=>"[FILTERED]", "password_confirmation"=>"[FILTERED]"}}}
  [1m[36mTRANSACTION (0.2ms)[0m  [1m[35mBEGIN[0m
  [1m[36mUser Exists? (1.9ms)[0m  [1m[34mSELECT 1 AS one FROM "users" WHERE "users"."email" = $1 LIMIT $2[0m  [["email", "test@example.com"], ["LIMIT", 1]]
  [1m[36mTRANSACTION (0.1ms)[0m  [1m[31mROLLBACK[0m
Completed 422 Unprocessable Content in 336ms (Views: 0.1ms | ActiveRecord: 26.0ms | Allocations: 19084)


  [1m[36mTRANSACTION (0.2ms)[0m  [1m[35mBEGIN[0m
  [1m[36mUser Exists? (1.9ms)[0m  [1m[34mSELECT 1 AS one FROM "users" WHERE "users"."email" = $1 LIMIT $2[0m  [["email", "test@example.com"], ["LIMIT", 1]]
  [1m[36mTRANSACTION (0.2ms)[0m  [1m[31mROLLBACK[0m
  [1m[36mTRANSACTION (0.2ms)[0m  [1m[35mBEGIN[0m
  [1m[36mUser Exists? (1.9ms)[0m  [1m[34mSELECT 1 AS one FROM "users" WHERE "users"."email" = $1 LIMIT $2[0m  [["email", "test@example.com"], ["LIMIT", 1]]
  [1m[36mTRANSACTION (0.2ms)[0m  [1m[31mROLLBACK[0m
Started POST "/users" for ::1 at 2024-11-08 11:13:23 +0600
  [1m[36mActiveRecord::SchemaMigration Load (2.6ms)[0m  [1m[34mSELECT "schema_migrations"."version" FROM "schema_migrations" ORDER BY "schema_migrations"."version" ASC[0m
Processing by Devise::RegistrationsController#create as */*
  Parameters: {"user"=>{"email"=>"test1@example.com", "password"=>"[FILTERED]", "password_confirmation"=>"[FILTERED]"}, "registration"=>{"user"=>{"email"=>"test1@example.com", "password"=>"[FILTERED]", "password_confirmation"=>"[FILTERED]"}}}
  [1m[36mTRANSACTION (0.4ms)[0m  [1m[35mBEGIN[0m
  [1m[36mUser Exists? (2.5ms)[0m  [1m[34mSELECT 1 AS one FROM "users" WHERE "users"."email" = $1 LIMIT $2[0m  [["email", "test1@example.com"], ["LIMIT", 1]]
  [1m[36mUser Create (0.4ms)[0m  [1m[32mINSERT INTO "users" ("email", "encrypted_password", "reset_password_token", "reset_password_sent_at", "remember_created_at", "created_at", "updated_at") VALUES ($1, $2, $3, $4, $5, $6, $7) RETURNING "id"[0m  [["email", "test1@example.com"], ["encrypted_password", "[FILTERED]"], ["reset_password_token", "[FILTERED]"], ["reset_password_sent_at", "[FILTERED]"], ["remember_created_at", nil], ["created_at", "2024-11-08 05:13:23.864819"], ["updated_at", "2024-11-08 05:13:23.864819"]]
  [1m[36mTRANSACTION (1.4ms)[0m  [1m[35mCOMMIT[0m
Completed 500 Internal Server Error in 346ms (ActiveRecord: 26.6ms | Allocations: 20326)


  
ActionDispatch::Request::Session::DisabledSessionError (Your application has sessions disabled. To write to the session you must first configure a session store):
  
actionpack (7.1.5) lib/action_dispatch/request/session.rb:260:in `load_for_write!'
actionpack (7.1.5) lib/action_dispatch/request/session.rb:153:in `[]='
warden (1.2.9) lib/warden/session_serializer.rb:27:in `store'
warden (1.2.9) lib/warden/proxy.rb:187:in `set_user'
devise (4.9.4) lib/devise/controllers/sign_in_out.rb:53:in `sign_in'
devise (4.9.4) app/controllers/devise/registrations_controller.rb:106:in `sign_up'
devise (4.9.4) app/controllers/devise/registrations_controller.rb:24:in `create'
actionpack (7.1.5) lib/action_controller/metal/basic_implicit_render.rb:6:in `send_action'
actionpack (7.1.5) lib/abstract_controller/base.rb:224:in `process_action'
actionpack (7.1.5) lib/action_controller/metal/rendering.rb:165:in `process_action'
actionpack (7.1.5) lib/abstract_controller/callbacks.rb:259:in `block in process_action'
activesupport (7.1.5) lib/active_support/callbacks.rb:110:in `run_callbacks'
actionpack (7.1.5) lib/abstract_controller/callbacks.rb:258:in `process_action'
actionpack (7.1.5) lib/action_controller/metal/rescue.rb:25:in `process_action'
actionpack (7.1.5) lib/action_controller/metal/instrumentation.rb:74:in `block in process_action'
activesupport (7.1.5) lib/active_support/notifications.rb:206:in `block in instrument'
activesupport (7.1.5) lib/active_support/notifications/instrumenter.rb:58:in `instrument'
activesupport (7.1.5) lib/active_support/notifications.rb:206:in `instrument'
actionpack (7.1.5) lib/action_controller/metal/instrumentation.rb:73:in `process_action'
actionpack (7.1.5) lib/action_controller/metal/params_wrapper.rb:261:in `process_action'
activerecord (7.1.5) lib/active_record/railties/controller_runtime.rb:32:in `process_action'
actionpack (7.1.5) lib/abstract_controller/base.rb:160:in `process'
actionpack (7.1.5) lib/action_controller/metal.rb:227:in `dispatch'
actionpack (7.1.5) lib/action_controller/metal.rb:309:in `dispatch'
actionpack (7.1.5) lib/action_dispatch/routing/route_set.rb:49:in `dispatch'
actionpack (7.1.5) lib/action_dispatch/routing/route_set.rb:32:in `serve'
actionpack (7.1.5) lib/action_dispatch/routing/mapper.rb:30:in `block in <class:Constraints>'
actionpack (7.1.5) lib/action_dispatch/routing/mapper.rb:60:in `serve'
actionpack (7.1.5) lib/action_dispatch/journey/router.rb:51:in `block in serve'
actionpack (7.1.5) lib/action_dispatch/journey/router.rb:131:in `block in find_routes'
actionpack (7.1.5) lib/action_dispatch/journey/router.rb:124:in `each'
actionpack (7.1.5) lib/action_dispatch/journey/router.rb:124:in `find_routes'
actionpack (7.1.5) lib/action_dispatch/journey/router.rb:32:in `serve'
actionpack (7.1.5) lib/action_dispatch/routing/route_set.rb:882:in `call'
warden-jwt_auth (0.10.0) lib/warden/jwt_auth/middleware/token_dispatcher.rb:20:in `call'
warden-jwt_auth (0.10.0) lib/warden/jwt_auth/middleware/revocation_manager.rb:21:in `call'
rack (3.1.8) lib/rack/builder.rb:277:in `call'
warden-jwt_auth (0.10.0) lib/warden/jwt_auth/middleware.rb:22:in `call'
warden (1.2.9) lib/warden/manager.rb:36:in `block in call'
warden (1.2.9) lib/warden/manager.rb:34:in `catch'
warden (1.2.9) lib/warden/manager.rb:34:in `call'
rack (3.1.8) lib/rack/etag.rb:29:in `call'
rack (3.1.8) lib/rack/conditional_get.rb:43:in `call'
rack (3.1.8) lib/rack/head.rb:15:in `call'
activerecord (7.1.5) lib/active_record/migration.rb:655:in `call'
actionpack (7.1.5) lib/action_dispatch/middleware/callbacks.rb:29:in `block in call'
activesupport (7.1.5) lib/active_support/callbacks.rb:101:in `run_callbacks'
actionpack (7.1.5) lib/action_dispatch/middleware/callbacks.rb:28:in `call'
actionpack (7.1.5) lib/action_dispatch/middleware/executor.rb:14:in `call'
actionpack (7.1.5) lib/action_dispatch/middleware/actionable_exceptions.rb:16:in `call'
actionpack (7.1.5) lib/action_dispatch/middleware/debug_exceptions.rb:29:in `call'
actionpack (7.1.5) lib/action_dispatch/middleware/show_exceptions.rb:31:in `call'
railties (7.1.5) lib/rails/rack/logger.rb:37:in `call_app'
railties (7.1.5) lib/rails/rack/logger.rb:24:in `block in call'
activesupport (7.1.5) lib/active_support/tagged_logging.rb:139:in `block in tagged'
activesupport (7.1.5) lib/active_support/tagged_logging.rb:39:in `tagged'
activesupport (7.1.5) lib/active_support/tagged_logging.rb:139:in `tagged'
activesupport (7.1.5) lib/active_support/broadcast_logger.rb:241:in `method_missing'
railties (7.1.5) lib/rails/rack/logger.rb:24:in `call'
actionpack (7.1.5) lib/action_dispatch/middleware/remote_ip.rb:92:in `call'
actionpack (7.1.5) lib/action_dispatch/middleware/request_id.rb:28:in `call'
rack (3.1.8) lib/rack/runtime.rb:24:in `call'
activesupport (7.1.5) lib/active_support/cache/strategy/local_cache_middleware.rb:29:in `call'
actionpack (7.1.5) lib/action_dispatch/middleware/server_timing.rb:59:in `block in call'
actionpack (7.1.5) lib/action_dispatch/middleware/server_timing.rb:24:in `collect_events'
actionpack (7.1.5) lib/action_dispatch/middleware/server_timing.rb:58:in `call'
actionpack (7.1.5) lib/action_dispatch/middleware/executor.rb:14:in `call'
actionpack (7.1.5) lib/action_dispatch/middleware/static.rb:25:in `call'
rack (3.1.8) lib/rack/sendfile.rb:114:in `call'
actionpack (7.1.5) lib/action_dispatch/middleware/host_authorization.rb:141:in `call'
railties (7.1.5) lib/rails/engine.rb:536:in `call'
puma (6.4.3) lib/puma/configuration.rb:272:in `call'
puma (6.4.3) lib/puma/request.rb:100:in `block in handle_request'
puma (6.4.3) lib/puma/thread_pool.rb:378:in `with_force_shutdown'
puma (6.4.3) lib/puma/request.rb:99:in `handle_request'
puma (6.4.3) lib/puma/server.rb:464:in `process_client'
puma (6.4.3) lib/puma/server.rb:245:in `block in run'
puma (6.4.3) lib/puma/thread_pool.rb:155:in `block in spawn_thread'
  [1m[36mUser Load (1.1ms)[0m  [1m[34mSELECT "users".* FROM "users" /* loading for pp */ LIMIT $1[0m  [["LIMIT", 11]]
Started POST "/users" for ::1 at 2024-11-08 11:16:59 +0600
  [1m[36mActiveRecord::SchemaMigration Load (0.9ms)[0m  [1m[34mSELECT "schema_migrations"."version" FROM "schema_migrations" ORDER BY "schema_migrations"."version" ASC[0m
Processing by Devise::RegistrationsController#create as */*
  Parameters: {"user"=>{"email"=>"test2@example.com", "password"=>"[FILTERED]", "password_confirmation"=>"[FILTERED]"}, "registration"=>{"user"=>{"email"=>"test2@example.com", "password"=>"[FILTERED]", "password_confirmation"=>"[FILTERED]"}}}
  [1m[36mTRANSACTION (0.3ms)[0m  [1m[35mBEGIN[0m
  [1m[36mUser Exists? (2.6ms)[0m  [1m[34mSELECT 1 AS one FROM "users" WHERE "users"."email" = $1 LIMIT $2[0m  [["email", "test2@example.com"], ["LIMIT", 1]]
  [1m[36mUser Create (0.4ms)[0m  [1m[32mINSERT INTO "users" ("email", "encrypted_password", "reset_password_token", "reset_password_sent_at", "remember_created_at", "created_at", "updated_at") VALUES ($1, $2, $3, $4, $5, $6, $7) RETURNING "id"[0m  [["email", "test2@example.com"], ["encrypted_password", "[FILTERED]"], ["reset_password_token", "[FILTERED]"], ["reset_password_sent_at", "[FILTERED]"], ["remember_created_at", nil], ["created_at", "2024-11-08 05:17:00.368673"], ["updated_at", "2024-11-08 05:17:00.368673"]]
  [1m[36mTRANSACTION (0.9ms)[0m  [1m[35mCOMMIT[0m
Completed 200 OK in 350ms (Views: 0.1ms | ActiveRecord: 28.2ms | Allocations: 20802)


Started POST "/users/sign_in" for ::1 at 2024-11-08 11:18:47 +0600
  [1m[36mActiveRecord::SchemaMigration Load (0.6ms)[0m  [1m[34mSELECT "schema_migrations"."version" FROM "schema_migrations" ORDER BY "schema_migrations"."version" ASC[0m
Processing by Devise::SessionsController#create as */*
  Parameters: {"user"=>{"email"=>"test2@example.com", "password"=>"[FILTERED]", "password_confirmation"=>"[FILTERED]"}, "session"=>{"user"=>{"email"=>"test2@example.com", "password"=>"[FILTERED]", "password_confirmation"=>"[FILTERED]"}}}
  [1m[36mUser Load (1.8ms)[0m  [1m[34mSELECT "users".* FROM "users" WHERE "users"."id" = $1 ORDER BY "users"."id" ASC LIMIT $2[0m  [["id", 3], ["LIMIT", 1]]
Completed 200 OK in 128ms (Views: 0.2ms | ActiveRecord: 25.1ms | Allocations: 19281)


Started GET "/" for 127.0.0.1 at 2024-11-08 14:44:19 +0600
  [1m[36mActiveRecord::SchemaMigration Load (0.9ms)[0m  [1m[34mSELECT "schema_migrations"."version" FROM "schema_migrations" ORDER BY "schema_migrations"."version" ASC[0m
Processing by Rails::WelcomeController#index as HTML
  Rendering /Users/gazi/.rvm/gems/ruby-3.2.2/gems/railties-7.1.5/lib/rails/templates/rails/welcome/index.html.erb
  Rendered /Users/gazi/.rvm/gems/ruby-3.2.2/gems/railties-7.1.5/lib/rails/templates/rails/welcome/index.html.erb (Duration: 0.6ms | Allocations: 375)
Completed 200 OK in 26ms (Views: 6.3ms | ActiveRecord: 0.0ms | Allocations: 8820)


Started GET "/login" for 127.0.0.1 at 2024-11-08 14:44:25 +0600
  
ActionController::RoutingError (No route matches [GET] "/login"):
  
Started GET "/api/users/sign_in" for 127.0.0.1 at 2024-11-08 14:45:00 +0600
  
ActionController::RoutingError (No route matches [GET] "/api/users/sign_in"):
  
Started GET "//api/users/sign_in" for 127.0.0.1 at 2024-11-08 14:45:22 +0600
  
ActionController::RoutingError (No route matches [GET] "/api/users/sign_in"):
  
Started GET "//api/users/sign_in" for 127.0.0.1 at 2024-11-08 14:46:32 +0600
  
ActionController::RoutingError (No route matches [GET] "/api/users/sign_in"):
  
Started GET "/api/users/sign_in" for 127.0.0.1 at 2024-11-08 14:46:36 +0600
  
ActionController::RoutingError (No route matches [GET] "/api/users/sign_in"):
  
Started POST "/api/users" for ::1 at 2024-11-08 14:47:08 +0600
  
ActionController::RoutingError (No route matches [POST] "/api/users"):
  
Started POST "/api/users" for ::1 at 2024-11-08 14:47:15 +0600
  
ActionController::RoutingError (No route matches [POST] "/api/users"):
  
Started POST "/api/users" for ::1 at 2024-11-08 14:48:35 +0600
  
ActionController::RoutingError (No route matches [POST] "/api/users"):
  
Started POST "/users/sign_in" for ::1 at 2024-11-10 11:00:29 +0600
  [1m[36mActiveRecord::SchemaMigration Load (3.6ms)[0m  [1m[34mSELECT "schema_migrations"."version" FROM "schema_migrations" ORDER BY "schema_migrations"."version" ASC[0m
Processing by Devise::SessionsController#create as */*
  Parameters: {"user"=>{"email"=>"test2@example.com", "password"=>"[FILTERED]", "password_confirmation"=>"[FILTERED]"}, "session"=>{"user"=>{"email"=>"test2@example.com", "password"=>"[FILTERED]", "password_confirmation"=>"[FILTERED]"}}}
  [1m[36mUser Load (2.7ms)[0m  [1m[34mSELECT "users".* FROM "users" WHERE "users"."email" = $1 ORDER BY "users"."id" ASC LIMIT $2[0m  [["email", "test2@example.com"], ["LIMIT", 1]]
Completed 200 OK in 348ms (Views: 0.1ms | ActiveRecord: 29.3ms | Allocations: 20449)


Started POST "/users/sign_in" for ::1 at 2024-11-10 11:13:36 +0600
  [1m[36mActiveRecord::SchemaMigration Load (1.0ms)[0m  [1m[34mSELECT "schema_migrations"."version" FROM "schema_migrations" ORDER BY "schema_migrations"."version" ASC[0m
Processing by Users::SessionsController#create as */*
  Parameters: {"user"=>{"email"=>"test2@example.com", "password"=>"[FILTERED]", "password_confirmation"=>"[FILTERED]"}, "session"=>{"user"=>{"email"=>"test2@example.com", "password"=>"[FILTERED]", "password_confirmation"=>"[FILTERED]"}}}
  [1m[36mUser Load (1.6ms)[0m  [1m[34mSELECT "users".* FROM "users" WHERE "users"."id" = $1 ORDER BY "users"."id" ASC LIMIT $2[0m  [["id", 3], ["LIMIT", 1]]
Completed 200 OK in 48ms (Views: 0.2ms | ActiveRecord: 16.5ms | Allocations: 19523)


Started POST "/users/sign_in" for ::1 at 2024-11-10 11:38:06 +0600
  [1m[36mActiveRecord::SchemaMigration Load (1.6ms)[0m  [1m[34mSELECT "schema_migrations"."version" FROM "schema_migrations" ORDER BY "schema_migrations"."version" ASC[0m
Processing by Users::SessionsController#create as */*
  Parameters: {"user"=>{"email"=>"test2@example.com", "password"=>"[FILTERED]", "password_confirmation"=>"[FILTERED]"}, "session"=>{"user"=>{"email"=>"test2@example.com", "password"=>"[FILTERED]", "password_confirmation"=>"[FILTERED]"}}}
  [1m[36mUser Load (1.1ms)[0m  [1m[34mSELECT "users".* FROM "users" WHERE "users"."id" = $1 ORDER BY "users"."id" ASC LIMIT $2[0m  [["id", 3], ["LIMIT", 1]]
Completed 200 OK in 44ms (Views: 0.3ms | ActiveRecord: 14.2ms | Allocations: 17983)


Started GET "/" for ::1 at 2024-11-10 14:27:59 +0600
  [1m[36mActiveRecord::SchemaMigration Load (4.0ms)[0m  [1m[34mSELECT "schema_migrations"."version" FROM "schema_migrations" ORDER BY "schema_migrations"."version" ASC[0m
Processing by Rails::WelcomeController#index as HTML
  Rendering /Users/gazi/.rvm/gems/ruby-3.2.2/gems/railties-7.1.5/lib/rails/templates/rails/welcome/index.html.erb
  Rendered /Users/gazi/.rvm/gems/ruby-3.2.2/gems/railties-7.1.5/lib/rails/templates/rails/welcome/index.html.erb (Duration: 1.6ms | Allocations: 375)
Completed 200 OK in 45ms (Views: 13.4ms | ActiveRecord: 0.0ms | Allocations: 4864)


Started GET "/" for ::1 at 2024-11-10 14:28:15 +0600
Processing by Rails::WelcomeController#index as HTML
  Rendering /Users/gazi/.rvm/gems/ruby-3.2.2/gems/railties-7.1.5/lib/rails/templates/rails/welcome/index.html.erb
  Rendered /Users/gazi/.rvm/gems/ruby-3.2.2/gems/railties-7.1.5/lib/rails/templates/rails/welcome/index.html.erb (Duration: 0.1ms | Allocations: 13)
Completed 200 OK in 1ms (Views: 0.5ms | ActiveRecord: 0.0ms | Allocations: 184)


Started GET "/" for ::1 at 2024-11-10 14:28:25 +0600
Processing by Rails::WelcomeController#index as HTML
  Rendering /Users/gazi/.rvm/gems/ruby-3.2.2/gems/railties-7.1.5/lib/rails/templates/rails/welcome/index.html.erb
  Rendered /Users/gazi/.rvm/gems/ruby-3.2.2/gems/railties-7.1.5/lib/rails/templates/rails/welcome/index.html.erb (Duration: 0.0ms | Allocations: 13)
Completed 200 OK in 0ms (Views: 0.2ms | ActiveRecord: 0.0ms | Allocations: 183)


Started GET "/home" for ::1 at 2024-11-10 14:28:33 +0600
  
ActionController::RoutingError (No route matches [GET] "/home"):
  
Started GET "/favicon.ico" for ::1 at 2024-11-10 14:28:33 +0600
  
ActionController::RoutingError (No route matches [GET] "/favicon.ico"):
  
Started GET "/users/sign_in" for ::1 at 2024-11-10 14:28:45 +0600
Processing by Users::SessionsController#new as HTML
Completed 200 OK in 65ms (Views: 0.7ms | ActiveRecord: 30.6ms | Allocations: 11215)


Started GET "/" for ::1 at 2024-11-10 14:28:56 +0600
Processing by Rails::WelcomeController#index as HTML
  Rendering /Users/gazi/.rvm/gems/ruby-3.2.2/gems/railties-7.1.5/lib/rails/templates/rails/welcome/index.html.erb
  Rendered /Users/gazi/.rvm/gems/ruby-3.2.2/gems/railties-7.1.5/lib/rails/templates/rails/welcome/index.html.erb (Duration: 0.0ms | Allocations: 13)
Completed 200 OK in 0ms (Views: 0.3ms | ActiveRecord: 0.0ms | Allocations: 182)


Started GET "/" for 127.0.0.1 at 2024-11-10 14:30:45 +0600
  [1m[36mActiveRecord::SchemaMigration Load (0.6ms)[0m  [1m[34mSELECT "schema_migrations"."version" FROM "schema_migrations" ORDER BY "schema_migrations"."version" ASC[0m
Processing by Rails::WelcomeController#index as HTML
  Rendering /Users/gazi/.rvm/gems/ruby-3.2.2/gems/railties-7.1.5/lib/rails/templates/rails/welcome/index.html.erb
  Rendered /Users/gazi/.rvm/gems/ruby-3.2.2/gems/railties-7.1.5/lib/rails/templates/rails/welcome/index.html.erb (Duration: 0.5ms | Allocations: 375)
Completed 200 OK in 31ms (Views: 3.1ms | ActiveRecord: 0.0ms | Allocations: 4455)


Started GET "/" for ::1 at 2024-11-10 14:30:57 +0600
Processing by Rails::WelcomeController#index as HTML
  Rendering /Users/gazi/.rvm/gems/ruby-3.2.2/gems/railties-7.1.5/lib/rails/templates/rails/welcome/index.html.erb
  Rendered /Users/gazi/.rvm/gems/ruby-3.2.2/gems/railties-7.1.5/lib/rails/templates/rails/welcome/index.html.erb (Duration: 0.0ms | Allocations: 13)
Completed 200 OK in 0ms (Views: 0.2ms | ActiveRecord: 0.0ms | Allocations: 184)


Started POST "/users/sign_in" for ::1 at 2024-11-10 14:33:16 +0600
  [1m[36mActiveRecord::SchemaMigration Load (1.3ms)[0m  [1m[34mSELECT "schema_migrations"."version" FROM "schema_migrations" ORDER BY "schema_migrations"."version" ASC[0m
Processing by Users::SessionsController#create as */*
  Parameters: {"user"=>{"email"=>"test2@example.com", "password"=>"[FILTERED]"}, "session"=>{"user"=>{"email"=>"test2@example.com", "password"=>"[FILTERED]"}}}
  [1m[36mUser Load (3.4ms)[0m  [1m[34mSELECT "users".* FROM "users" WHERE "users"."email" = $1 ORDER BY "users"."id" ASC LIMIT $2[0m  [["email", "test2@example.com"], ["LIMIT", 1]]
Completed 200 OK in 340ms (Views: 0.3ms | ActiveRecord: 26.8ms | Allocations: 17777)


Started POST "/users/sign_in" for ::1 at 2024-11-10 14:34:18 +0600
Processing by Users::SessionsController#create as */*
  Parameters: {"user"=>{"email"=>"test2@example.com", "password"=>"[FILTERED]"}, "session"=>{"user"=>{"email"=>"test2@example.com", "password"=>"[FILTERED]"}}}
  [1m[36mUser Load (0.5ms)[0m  [1m[34mSELECT "users".* FROM "users" WHERE "users"."email" = $1 ORDER BY "users"."id" ASC LIMIT $2[0m  [["email", "test2@example.com"], ["LIMIT", 1]]
Completed 200 OK in 269ms (Views: 0.4ms | ActiveRecord: 0.5ms | Allocations: 1595)


Started GET "/users/sign_in" for ::1 at 2024-11-10 14:36:13 +0600
Processing by Users::SessionsController#new as HTML
Completed 200 OK in 12ms (Views: 0.2ms | ActiveRecord: 0.0ms | Allocations: 1929)


Started GET "/favicon.ico" for ::1 at 2024-11-10 14:36:13 +0600
  
ActionController::RoutingError (No route matches [GET] "/favicon.ico"):
  
Started POST "/users" for ::1 at 2024-11-10 14:36:39 +0600
Processing by Users::RegistrationsController#create as */*
  Parameters: {"user"=>{"email"=>"mahmud.tarique@gmail.com", "password"=>"[FILTERED]", "password_confirmation"=>"[FILTERED]"}, "registration"=>{"user"=>{"email"=>"mahmud.tarique@gmail.com", "password"=>"[FILTERED]", "password_confirmation"=>"[FILTERED]"}}}
  [1m[36mTRANSACTION (0.5ms)[0m  [1m[35mBEGIN[0m
  [1m[36mUser Exists? (1.6ms)[0m  [1m[34mSELECT 1 AS one FROM "users" WHERE "users"."email" = $1 LIMIT $2[0m  [["email", "mahmud.tarique@gmail.com"], ["LIMIT", 1]]
  [1m[36mUser Create (4.9ms)[0m  [1m[32mINSERT INTO "users" ("email", "encrypted_password", "reset_password_token", "reset_password_sent_at", "remember_created_at", "created_at", "updated_at") VALUES ($1, $2, $3, $4, $5, $6, $7) RETURNING "id"[0m  [["email", "mahmud.tarique@gmail.com"], ["encrypted_password", "[FILTERED]"], ["reset_password_token", "[FILTERED]"], ["reset_password_sent_at", "[FILTERED]"], ["remember_created_at", nil], ["created_at", "2024-11-10 08:36:39.981566"], ["updated_at", "2024-11-10 08:36:39.981566"]]
  [1m[36mTRANSACTION (1.2ms)[0m  [1m[35mCOMMIT[0m
Completed 200 OK in 273ms (Views: 0.1ms | ActiveRecord: 8.3ms | Allocations: 5505)


Started POST "/users/sign_in" for ::1 at 2024-11-10 14:36:54 +0600
Processing by Users::SessionsController#create as */*
  Parameters: {"user"=>{"email"=>"mahmud.tarique@gmail.com", "password"=>"[FILTERED]"}, "session"=>{"user"=>{"email"=>"mahmud.tarique@gmail.com", "password"=>"[FILTERED]"}}}
  [1m[36mUser Load (0.6ms)[0m  [1m[34mSELECT "users".* FROM "users" WHERE "users"."email" = $1 ORDER BY "users"."id" ASC LIMIT $2[0m  [["email", "mahmud.tarique@gmail.com"], ["LIMIT", 1]]
Completed 401 Unauthorized in 276ms (ActiveRecord: 0.6ms | Allocations: 1325)


Started POST "/users/sign_in" for ::1 at 2024-11-10 14:37:00 +0600
Processing by Users::SessionsController#create as */*
  Parameters: {"user"=>{"email"=>"mahmud.tarique@gmail.com", "password"=>"[FILTERED]"}, "session"=>{"user"=>{"email"=>"mahmud.tarique@gmail.com", "password"=>"[FILTERED]"}}}
  [1m[36mUser Load (0.7ms)[0m  [1m[34mSELECT "users".* FROM "users" WHERE "users"."email" = $1 ORDER BY "users"."id" ASC LIMIT $2[0m  [["email", "mahmud.tarique@gmail.com"], ["LIMIT", 1]]
Completed 200 OK in 278ms (Views: 0.3ms | ActiveRecord: 0.7ms | Allocations: 1581)


